<?xml version="1.0" encoding="UTF-8"?>
<!-- Generated by org.testng.reporters.JUnitReportReporter -->
<testsuite hostname="LAPTOP-3RTODQ9D" failures="0" tests="1" name="com.crm.testCases.VtigerTest2" time="12.852" errors="0" timestamp="2025-03-07T18:52:57 IST" skipped="0">
  <testcase classname="com.crm.testCases.VtigerTest2" name="tc001" time="12.852">
    <system-out>
      <![CDATA[Correct Last name
correct start date]]>
    </system-out>
  </testcase> <!-- tc001 -->
  <system-out>
    <![CDATA[Entered on VtigerPage
Correct Last name
correct start date]]>
  </system-out>
</testsuite> <!-- com.crm.testCases.VtigerTest2 -->
