<?xml version="1.0" encoding="UTF-8"?>
<!-- Generated by org.testng.reporters.JUnitReportReporter -->
<testsuite hostname="LAPTOP-3RTODQ9D" failures="0" tests="1" name="com.crm.testCases.VTigerTest3" time="18.172" errors="0" timestamp="2025-03-16T13:07:46 IST" skipped="0">
  <testcase classname="com.crm.testCases.VTigerTest3" name="tc001" time="18.172">
    <system-out>
      <![CDATA[Correct WebPage
org name matched]]>
    </system-out>
  </testcase> <!-- tc001 -->
  <system-out>
    <![CDATA[Entered on VtigerPage
Correct WebPage
org name matched]]>
  </system-out>
</testsuite> <!-- com.crm.testCases.VTigerTest3 -->
