<?xml version="1.0" encoding="UTF-8"?>
<!-- Generated by org.testng.reporters.JUnitReportReporter -->
<testsuite hostname="LAPTOP-3RTODQ9D" failures="0" tests="4" name="com.crm.base.VTigerBase" time="5.305" errors="0" timestamp="2025-03-07T12:45:22 IST" skipped="0">
  <testcase classname="com.crm.base.VTigerBase" name="preCondition" time="1.983">
    <system-out>
      <![CDATA[Entered on VtigerPage]]>
    </system-out>
  </testcase> <!-- preCondition -->
  <testcase classname="com.crm.base.VTigerBase" name="login" time="1.343"/>
  <testcase classname="com.crm.base.VTigerBase" name="logout" time="1.778"/>
  <testcase classname="com.crm.base.VTigerBase" name="postCondition" time="0.201"/>
  <system-out>
    <![CDATA[Entered on VtigerPage]]>
  </system-out>
</testsuite> <!-- com.crm.base.VTigerBase -->
