<?xml version="1.0" encoding="UTF-8"?>
<!-- Generated by org.testng.reporters.JUnitReportReporter -->
<testsuite hostname="LAPTOP-3RTODQ9D" failures="0" tests="1" name="com.crm.testCases.VtigerTest1" time="61.245" errors="0" timestamp="2025-03-16T13:03:09 IST" skipped="0">
  <testcase classname="com.crm.testCases.VtigerTest1" name="tc001" time="61.245">
    <system-out>
      <![CDATA[Correct WebPage
org name matched
industry name matched]]>
    </system-out>
  </testcase> <!-- tc001 -->
  <system-out>
    <![CDATA[Entered on VtigerPage
Correct WebPage
org name matched
industry name matched]]>
  </system-out>
</testsuite> <!-- com.crm.testCases.VtigerTest1 -->
